Train simclr with differentiable data augmentation. Removed Grayscale
python main.py --batch_size 512 --epochs 1000 --arch resnet18
Files already downloaded and verified
Files already downloaded and verified
Files already downloaded and verified
[INFO] Register count_convNd() for <class 'torch.nn.modules.conv.Conv2d'>.
[INFO] Register count_bn() for <class 'torch.nn.modules.batchnorm.BatchNorm2d'>.
[INFO] Register zero_ops() for <class 'torch.nn.modules.activation.ReLU'>.
[91m[WARN] Cannot find rule for <class 'torchvision.models.resnet.BasicBlock'>. Treat it as zero Macs and zero Params.[00m
[91m[WARN] Cannot find rule for <class 'torch.nn.modules.container.Sequential'>. Treat it as zero Macs and zero Params.[00m
[INFO] Register count_adap_avgpool() for <class 'torch.nn.modules.pooling.AdaptiveAvgPool2d'>.
[INFO] Register count_linear() for <class 'torch.nn.modules.linear.Linear'>.
[INFO] Register count_bn() for <class 'torch.nn.modules.batchnorm.BatchNorm1d'>.
[91m[WARN] Cannot find rule for <class 'model.Model'>. Treat it as zero Macs and zero Params.[00m
# Model Params: 11.50M FLOPs: 556.98M
JobId=36145975 JobName=SimCLR
   UserId=renjie3(6007166) GroupId=cse(2010) MCS_label=N/A
   Priority=35595 Nice=0 Account=general QOS=renjie3
   JobState=RUNNING Reason=None Dependency=(null)
   Requeue=1 Restarts=0 BatchFlag=1 Reboot=0 ExitCode=0:0
   RunTime=01:39:13 TimeLimit=02:00:00 TimeMin=N/A
   SubmitTime=2021-11-01T10:58:43 EligibleTime=2021-11-01T10:58:43
   AccrueTime=2021-11-01T10:58:43
   StartTime=2021-11-01T10:58:52 EndTime=2021-11-01T12:58:52 Deadline=N/A
   SuspendTime=None SecsPreSuspend=0 LastSchedEval=2021-11-01T10:58:52
   Partition=general-long-gpu AllocNode:Sid=dev-amd20-v100:81215
   ReqNodeList=(null) ExcNodeList=(null)
   NodeList=nvl-005
   BatchHost=nvl-005
   NumNodes=1 NumCPUs=2 NumTasks=1 CPUs/Task=2 ReqB:S:C:T=0:0:*:*
   TRES=cpu=2,mem=16G,node=1,billing=2490,gres/gpu=1
   Socks/Node=* NtasksPerN:B:S:C=0:0:*:* CoreSpec=*
   MinCPUsNode=2 MinMemoryCPU=8G MinTmpDiskNode=0
   Features=[intel14|intel16|intel18|amr|nvf] DelayBoot=00:00:00
   OverSubscribe=OK Contiguous=0 Licenses=(null) Network=(null)
   Command=/mnt/ufs18/home-145/renjie3/Documents/unlearnable/simclr_set/diffaug_SimCLR/submit.sb
   WorkDir=/mnt/ufs18/home-145/renjie3/Documents/unlearnable/simclr_set/diffaug_SimCLR
   Comment=stdout=/mnt/home/renjie3/Documents/unlearnable/simclr_set/diffaug_SimCLR/logfile/36145975.log 
   StdErr=/mnt/home/renjie3/Documents/unlearnable/simclr_set/diffaug_SimCLR/logfile/36145975.err
   StdIn=/dev/null
   StdOut=/mnt/home/renjie3/Documents/unlearnable/simclr_set/diffaug_SimCLR/logfile/36145975.log
   Power=
   TresPerNode=gpu:v100:1
   NtasksPerTRES:0

