Thu Oct 21 22:47:17 EDT 2021

Train simclr with differentiable data augmentation.
python main.py --batch_size 512 --epochs 1000 --arch resnet18
---------------------------------------------------------------
Thu Oct 21 22:47:39 EDT 2021

Train simclr with differentiable data augmentation.
python main.py --batch_size 512 --epochs 1000 --arch resnet18
---------------------------------------------------------------
Thu Oct 21 22:48:04 EDT 2021

Train simclr with differentiable data augmentation.
python main.py --batch_size 512 --epochs 1000 --arch resnet18
---------------------------------------------------------------
Thu Oct 21 22:49:29 EDT 2021

Train simclr with differentiable data augmentation.
python main.py --batch_size 512 --epochs 1000 --arch resnet18
---------------------------------------------------------------
Thu Oct 21 22:50:09 EDT 2021
35592555
Train simclr with differentiable data augmentation.
python main.py --batch_size 512 --epochs 1000 --arch resnet18
---------------------------------------------------------------
Thu Oct 21 22:52:58 EDT 2021
35592678
Train simclr with differentiable data augmentation.
python main.py --batch_size 512 --epochs 1000 --arch resnet18
---------------------------------------------------------------
Thu Oct 21 23:46:04 EDT 2021
35594678
Train simclr with differentiable data augmentation.
python main.py --batch_size 512 --epochs 1000 --arch resnet18
---------------------------------------------------------------
Thu Oct 21 23:46:13 EDT 2021
35594681
Train simclr with differentiable data augmentation.
python main2.py --batch_size 512 --epochs 1000 --arch resnet18
---------------------------------------------------------------
Thu Oct 21 23:46:18 EDT 2021
35594683
Train simclr with differentiable data augmentation.
python main3.py --batch_size 512 --epochs 1000 --arch resnet18
---------------------------------------------------------------
Sat Oct 23 09:45:46 EDT 2021
35653289
Train simclr with differentiable data augmentation.
python main.py --batch_size 512 --epochs 1000 --arch resnet18
---------------------------------------------------------------
Sat Oct 23 10:00:19 EDT 2021
35653532
Train simclr with differentiable data augmentation.
python main.py --batch_size 512 --epochs 1000 --arch resnet18
---------------------------------------------------------------
Sat Oct 23 10:03:48 EDT 2021
35653592
Train simclr with differentiable data augmentation.
python main.py --batch_size 512 --epochs 1000 --arch resnet18
---------------------------------------------------------------
Sat Oct 23 10:05:20 EDT 2021
35653598
Train simclr with differentiable data augmentation.
python main.py --batch_size 512 --epochs 1000 --arch resnet18
---------------------------------------------------------------
Sat Oct 23 10:53:55 EDT 2021
35654206
Train simclr with differentiable data augmentation.
python main.py --batch_size 512 --epochs 1000 --arch resnet18
---------------------------------------------------------------
Sat Oct 23 11:30:50 EDT 2021
35654660
Train simclr with differentiable data augmentation.
python main.py --batch_size 512 --epochs 1000 --arch resnet18
---------------------------------------------------------------
Sat Oct 23 11:35:10 EDT 2021
35654718
Train simclr with differentiable data augmentation.
python main.py --batch_size 512 --epochs 1000 --arch resnet18
---------------------------------------------------------------
Sat Oct 23 11:36:05 EDT 2021
35654728
Train simclr with differentiable data augmentation.
python main.py --batch_size 512 --epochs 1000 --arch resnet18
---------------------------------------------------------------
Sun Oct 24 10:31:12 EDT 2021
35672108
Train simclr with differentiable data augmentation.
Sun Oct 24 10:35:35 EDT 2021
Wed Oct 27 11:51:10 EDT 2021
35860941
Train simclr with differentiable data augmentation.
python main.py --batch_size 512 --epochs 1000 --arch resnet18
---------------------------------------------------------------
Wed Oct 27 11:51:59 EDT 2021
35861183
Train simclr with differentiable data augmentation.
python main.py --batch_size 512 --epochs 1000 --arch resnet18
---------------------------------------------------------------
Wed Oct 27 12:17:28 EDT 2021
35863692
Train simclr with differentiable data augmentation.
python main.py --batch_size 512 --epochs 1000 --arch resnet18
---------------------------------------------------------------
Wed Oct 27 18:41:44 EDT 2021
35874365
Train simclr with differentiable data augmentation.
python main.py --batch_size 512 --epochs 1000 --arch resnet18
---------------------------------------------------------------
Wed Oct 27 18:44:01 EDT 2021
35874470
Train simclr with differentiable data augmentation.
python main.py --batch_size 512 --epochs 1000 --arch resnet18
---------------------------------------------------------------
Fri Oct 29 22:00:58 EDT 2021
36067941
Train simclr with differentiable data augmentation.
python main.py --batch_size 512 --epochs 1000 --arch resnet18
---------------------------------------------------------------
Fri Oct 29 22:01:14 EDT 2021
36067942
Train simclr with differentiable data augmentation.
python main.py --batch_size 512 --epochs 1000 --arch resnet18
---------------------------------------------------------------
Fri Oct 29 22:01:20 EDT 2021
36067943
Train simclr with differentiable data augmentation.
python main.py --batch_size 512 --epochs 1000 --arch resnet18
---------------------------------------------------------------
Fri Oct 29 22:01:26 EDT 2021
36067951
Train simclr with differentiable data augmentation.
python main.py --batch_size 512 --epochs 1000 --arch resnet18
---------------------------------------------------------------
Fri Oct 29 22:01:30 EDT 2021
36067954
Train simclr with differentiable data augmentation.
python main.py --batch_size 512 --epochs 1000 --arch resnet18
---------------------------------------------------------------
Sun Oct 31 20:13:09 EDT 2021
36121284
Train simclr with differentiable data augmentation.
python main.py --batch_size 512 --epochs 1000 --arch resnet18
---------------------------------------------------------------
Sun Oct 31 20:42:23 EDT 2021
36121619
Train simclr with differentiable data augmentation.
python main.py --batch_size 512 --epochs 1000 --arch resnet18
---------------------------------------------------------------
Sun Oct 31 20:46:40 EDT 2021

Train simclr with differentiable data augmentation.
python main.py --batch_size 512 --epochs 1000 --arch resnet18
---------------------------------------------------------------
Mon Nov  1 10:58:43 EDT 2021
36145975
Train simclr with differentiable data augmentation. Removed Grayscale
python main.py --batch_size 512 --epochs 1000 --arch resnet18
---------------------------------------------------------------
Sat Nov 20 15:55:50 EST 2021
107554806
Train simclr with differentiable data augmentation. Removed Grayscale
python main.py --batch_size 512 --epochs 1000 --arch resnet18 --feature_dim 2
---------------------------------------------------------------
