Mon Feb  7 16:15:01 EST 2022
45160890
cifar10 baseline
python main.py --batch_size 512 --epochs 100 --arch resnet18 --data_name cifar10_20000_4class --train_data_drop_last --half_batch
python main.py --batch_size 512 --epochs 100 --arch resnet18 --data_name cifar10_20000_4class --train_data_drop_last --half_batch --reorder_reverse
---------------------------------------------------------------
Mon Feb  7 16:15:57 EST 2022
45160890
cifar10 baseline
python main.py --batch_size 512 --epochs 100 --arch resnet18 --data_name cifar10_20000_4class --train_data_drop_last --half_batch
python main.py --batch_size 512 --epochs 100 --arch resnet18 --data_name cifar10_20000_4class --train_data_drop_last --half_batch --reorder_reverse
---------------------------------------------------------------
Mon Feb  7 16:18:16 EST 2022
45160890
cifar10 baseline


---------------------------------------------------------------
Mon Feb  7 16:20:09 EST 2022
45160890
cifar10 baseline
python main.py --batch_size 512 --epochs 100 --arch resnet18 --data_name cifar10_20000_4class --train_data_drop_last --half_batch
python main.py --batch_size 512 --epochs 100 --arch resnet18 --data_name cifar10_20000_4class --train_data_drop_last --half_batch --reorder_reverse
No_commend3
---------------------------------------------------------------
Mon Feb  7 16:26:35 EST 2022
45280777
cifar10 baseline
python main.py --batch_size 512 --epochs 2 --arch resnet18 --data_name cifar10_20000_4class --train_data_drop_last --half_batch
python main.py --batch_size 512 --epochs 2 --arch resnet18 --data_name cifar10_20000_4class --train_data_drop_last --half_batch --reorder_reverse
---------------------------------------------------------------
Mon Feb  7 16:27:25 EST 2022
45280809
cifar10 baseline
python main.py --batch_size 512 --epochs 2 --arch resnet18 --data_name cifar10_20000_4class --train_data_drop_last --half_batch
python main.py --batch_size 512 --epochs 2 --arch resnet18 --data_name cifar10_20000_4class --train_data_drop_last --half_batch --reorder_reverse
---------------------------------------------------------------
Mon Feb  7 16:38:32 EST 2022
45281166
cifar10 baseline
python main.py --batch_size 512 --epochs 2 --arch resnet18 --data_name cifar10_20000_4class --train_data_drop_last --half_batch
python main.py --batch_size 512 --epochs 2 --arch resnet18 --data_name cifar10_20000_4class --train_data_drop_last --half_batch --reorder_reverse
---------------------------------------------------------------
Mon Feb  7 20:56:37 EST 2022
45301841
cifar10 baseline
python main.py --batch_size 512 --epochs 2 --arch resnet18 --data_name cifar10_20000_4class --train_data_drop_last --half_batch
python main.py --batch_size 512 --epochs 2 --arch resnet18 --data_name cifar10_20000_4class --train_data_drop_last --half_batch --reorder_reverse
---------------------------------------------------------------
Mon Feb  7 21:04:53 EST 2022
45302338
cifar10 baseline
python main.py --batch_size 512 --epochs 2 --arch resnet18 --data_name cifar10_20000_4class --train_data_drop_last --half_batch
python main.py --batch_size 512 --epochs 2 --arch resnet18 --data_name cifar10_20000_4class --train_data_drop_last --half_batch --reorder_reverse
---------------------------------------------------------------
Mon Feb  7 21:09:57 EST 2022
45302584
cifar10 baseline
python main.py --batch_size 512 --epochs 2 --arch resnet18 --data_name cifar10_20000_4class --train_data_drop_last --half_batch
python main.py --batch_size 512 --epochs 2 --arch resnet18 --data_name cifar10_20000_4class --train_data_drop_last --half_batch --reorder_reverse
---------------------------------------------------------------
Mon Feb  7 21:12:34 EST 2022
45302788
cifar10 baseline
python main.py --batch_size 512 --epochs 2 --arch resnet18 --data_name cifar10_20000_4class --train_data_drop_last --half_batch
python main.py --batch_size 512 --epochs 2 --arch resnet18 --data_name cifar10_20000_4class --train_data_drop_last --half_batch --reorder_reverse
---------------------------------------------------------------
Mon Feb  7 21:34:15 EST 2022
45308331
cifar10 baseline
python main.py --batch_size 512 --epochs 2 --piermaro_whole_epoch 10 --arch resnet18 --data_name cifar10_20000_4class --train_data_drop_last --half_batch
python main.py --batch_size 512 --epochs 2 --piermaro_whole_epoch 10 --arch resnet18 --data_name cifar10_20000_4class --train_data_drop_last --half_batch --reorder_reverse
---------------------------------------------------------------
Tue Feb  8 10:47:00 EST 2022
45340535
cifar10 baseline
python main.py --batch_size 512 --epochs 50 --piermaro_whole_epoch 600 --arch resnet18 --train_mode inst_suppress --data_name cifar10_20000_4class --train_data_drop_last --half_batch
python main.py --batch_size 512 --epochs 50 --piermaro_whole_epoch 600 --arch resnet18 --train_mode inst_suppress --data_name cifar10_20000_4class --train_data_drop_last --half_batch --reorder_reverse
---------------------------------------------------------------
Tue Feb  8 10:59:07 EST 2022
45341010
cifar10 baseline
python main.py --batch_size 512 --epochs 50 --piermaro_whole_epoch 600 --arch resnet18 --train_mode inst_suppress --data_name cifar10_20000_4class --train_data_drop_last --half_batch
python main.py --batch_size 512 --epochs 50 --piermaro_whole_epoch 600 --arch resnet18 --train_mode inst_suppress --data_name cifar10_20000_4class --train_data_drop_last --half_batch --reorder_reverse
---------------------------------------------------------------
Tue Feb  8 10:59:31 EST 2022
45341014
cifar10 baseline
python main.py --batch_size 512 --epochs 50 --piermaro_whole_epoch 600 --arch resnet18 --train_mode inst_suppress --data_name cifar10_20000_4class --train_data_drop_last --half_batch
python main.py --batch_size 512 --epochs 50 --piermaro_whole_epoch 600 --arch resnet18 --train_mode inst_suppress --data_name cifar10_20000_4class --train_data_drop_last --half_batch --reorder_reverse
---------------------------------------------------------------
Tue Feb  8 11:00:30 EST 2022
45341141
cifar10 baseline
python main.py --batch_size 512 --epochs 50 --piermaro_whole_epoch 600 --arch resnet18 --train_mode inst_suppress --data_name cifar10_20000_4class --train_data_drop_last
python main.py --batch_size 512 --epochs 50 --piermaro_whole_epoch 600 --arch resnet18 --train_mode inst_suppress --data_name cifar10_20000_4class --train_data_drop_last --reorder_reverse
---------------------------------------------------------------
Tue Feb  8 11:00:34 EST 2022
45341142
cifar10 baseline
python main.py --batch_size 512 --epochs 50 --piermaro_whole_epoch 600 --arch resnet18 --train_mode inst_suppress --data_name cifar10_20000_4class --train_data_drop_last
python main.py --batch_size 512 --epochs 50 --piermaro_whole_epoch 600 --arch resnet18 --train_mode inst_suppress --data_name cifar10_20000_4class --train_data_drop_last --reorder_reverse
---------------------------------------------------------------
Wed Feb 23 16:03:19 EST 2022
46103217
cifar10 baseline
python main.py --batch_size 512 --epochs 50 --piermaro_whole_epoch 1400 --arch resnet18 --data_name cifar10_1024_4class --train_mode adversarial_training --curriculum DBindex_high2low --load_model --load_model_path random_initial_model1 --my_train_loader --train_data_drop_last --attack_epsilon 8 --attack_alpha 2 --attack_steps 4
python main.py --batch_size 512 --epochs 50 --piermaro_whole_epoch 1400 --arch resnet18 --data_name cifar10_1024_4class --train_mode adversarial_training --curriculum DBindex_high2low --load_model --load_model_path random_initial_model1 --my_train_loader --train_data_drop_last --attack_epsilon 8 --attack_alpha 2 --attack_steps 4
---------------------------------------------------------------
Wed Feb 23 16:22:27 EST 2022
46103542
cifar10 baseline
python main.py --batch_size 512 --epochs 50 --piermaro_whole_epoch 1400 --arch resnet18 --data_name cifar10_1024_4class --train_mode adversarial_training --curriculum DBindex_high2low --my_train_loader --train_data_drop_last --attack_epsilon 8 --attack_alpha 2 --attack_steps 4
python main.py --batch_size 512 --epochs 50 --piermaro_whole_epoch 1400 --arch resnet18 --data_name cifar10_1024_4class --train_mode adversarial_training --curriculum DBindex_high2low --my_train_loader --train_data_drop_last --attack_epsilon 8 --attack_alpha 2 --attack_steps 4
---------------------------------------------------------------
