python main.py --batch_size 512 --epochs 1000 --arch resnet18 --data_name cifar10_20000_4class --not_shuffle_train_data --local 2 --no_save
python main.py --batch_size 512 --epochs 1000 --arch resnet18 --data_name cifar10_20000_4class --not_shuffle_train_data --local 2 --no_save
python main.py --batch_size 512 --epochs 1000 --arch resnet18 --data_name cifar10_20000_4class --not_shuffle_train_data --train_mode inst_suppress --local 2 --no_save
python main.py --batch_size 512 --epochs 1000 --arch resnet18 --data_name cifar10_20000_4class --not_shuffle_train_data --train_mode inst_suppress --local 2 --no_save
python main.py --batch_size 512 --epochs 1000 --arch resnet18 --data_name cifar10_20000_4class --not_shuffle_train_data --train_mode inst_suppress --local 2 --no_save
python main.py --batch_size 512 --epochs 1000 --arch resnet18 --data_name cifar10_20000_4class --not_shuffle_train_data --train_mode inst_suppress --local 1 --no_save
python main.py --batch_size 512 --epochs 1000 --arch resnet18 --data_name cifar10_20000_4class --not_shuffle_train_data --train_mode inst_suppress --local 1 --no_save
python main.py --batch_size 512 --epochs 1000 --arch resnet18 --data_name cifar10_20000_4class --not_shuffle_train_data --train_mode inst_suppress --local 1 --no_save
python main.py --batch_size 512 --epochs 1000 --arch resnet18 --data_name cifar10_20000_4class --not_shuffle_train_data --train_mode inst_suppress --local 1 --no_save
python main.py --batch_size 512 --epochs 1000 --arch resnet18 --data_name cifar10_20000_4class --not_shuffle_train_data --train_mode inst_suppress --local 1 --no_save
python main.py --batch_size 512 --epochs 1000 --arch resnet18 --data_name cifar10_20000_4class --not_shuffle_train_data --train_mode inst_suppress --local 1 --no_save
python main.py --batch_size 512 --epochs 1000 --arch resnet18 --data_name cifar10_20000_4class --not_shuffle_train_data --train_mode inst_suppress --local 1 --no_save
python main.py --batch_size 512 --epochs 1000 --arch resnet18 --data_name cifar10_20000_4class --not_shuffle_train_data --train_mode inst_suppress --local 1 --no_save
python main.py --batch_size 512 --epochs 1000 --arch resnet18 --data_name cifar10_20000_4class --not_shuffle_train_data --train_mode inst_suppress --local 1 --no_save
python main.py --batch_size 512 --epochs 1000 --arch resnet18 --data_name cifar10_20000_4class --not_shuffle_train_data --train_mode inst_suppress --local 1 --no_save
python main.py --batch_size 512 --epochs 1000 --arch resnet18 --data_name cifar10_20000_4class --not_shuffle_train_data --train_mode inst_suppress --local 1 --no_save
python main.py --batch_size 512 --epochs 1000 --arch resnet18 --data_name cifar10_20000_4class --not_shuffle_train_data --train_mode inst_suppress --local 1 --no_save
python main.py --batch_size 512 --epochs 1000 --arch resnet18 --data_name cifar10_20000_4class --not_shuffle_train_data --train_mode inst_suppress --local 1 --no_save
python main.py --batch_size 512 --epochs 1000 --arch resnet18 --data_name cifar10_20000_4class --not_shuffle_train_data --train_mode inst_suppress --local 1 --no_save
python main.py --batch_size 512 --epochs 1000 --arch resnet18 --data_name cifar10_20000_4class --train_mode inst_suppress --local 1 --no_save
python main.py --batch_size 512 --epochs 1000 --arch resnet18 --data_name cifar10_20000_4class --train_mode inst_suppress --local 1 --no_save
python main.py --batch_size 512 --epochs 1000 --arch resnet18 --data_name cifar10_20000_4class --train_mode inst_suppress --local 1 --no_save
python main.py --batch_size 512 --epochs 1000 --arch resnet18 --data_name cifar10_20000_4class --not_shuffle_train_data --train_mode inst_suppress --local 1 --no_save
python main.py --batch_size 512 --epochs 1000 --arch resnet18 --data_name cifar10_20000_4class --not_shuffle_train_data --train_mode inst_suppress --local 1 --no_save
python main.py --batch_size 512 --epochs 1000 --arch resnet18 --data_name cifar10_20000_4class --train_mode inst_suppress --local 1 --no_save
python main.py --batch_size 512 --epochs 1000 --arch resnet18 --data_name cifar10_20000_4class --train_mode inst_suppress --local 1 --no_save
python main.py --batch_size 512 --epochs 1000 --arch resnet18 --data_name cifar10_20000_4class --train_mode inst_suppress --local 1 --no_save
python main.py --batch_size 512 --epochs 1000 --arch resnet18 --data_name cifar10_20000_4class --train_mode inst_suppress --local 1 --no_save
python main.py --batch_size 512 --epochs 1000 --arch resnet18 --data_name cifar10_20000_4class --train_mode inst_suppress --local 1 --no_save
python main.py --batch_size 512 --epochs 1000 --arch resnet18 --data_name cifar10_20000_4class --train_mode inst_suppress --local 1 --no_save
python main.py --batch_size 512 --epochs 1000 --arch resnet18 --data_name cifar10_20000_4class --train_mode inst_suppress --local 1 --no_save
python main.py --batch_size 512 --epochs 1000 --arch resnet18 --data_name cifar10_20000_4class --train_mode inst_suppress --local 1 --no_save
python main.py --batch_size 512 --epochs 1000 --arch resnet18 --data_name cifar10_20000_4class --train_mode inst_suppress --local 1 --no_save
python main.py --batch_size 512 --epochs 1000 --arch resnet18 --data_name cifar10_20000_4class --train_mode inst_suppress --local 1 --no_save
python main.py --batch_size 512 --epochs 1000 --arch resnet18 --data_name cifar10_20000_4class --train_mode inst_suppress --local 1 --no_save
python main.py --batch_size 512 --epochs 1000 --arch resnet18 --data_name cifar10_20000_4class --train_mode inst_suppress --local 1 --no_save
python main.py --batch_size 512 --epochs 1000 --arch resnet18 --data_name cifar10_20000_4class --train_mode inst_suppress --local 1 --no_save
python main.py --batch_size 512 --epochs 1000 --arch resnet18 --data_name cifar10_20000_4class --train_mode inst_suppress --local 1 --no_save
python main.py --batch_size 512 --epochs 1000 --arch resnet18 --data_name cifar10_20000_4class --train_mode inst_suppress --local 1 --no_save
python main.py --batch_size 512 --epochs 1000 --arch resnet18 --data_name cifar10_20000_4class --train_mode inst_suppress --local 1 --no_save
python main.py --batch_size 512 --epochs 1000 --arch resnet18 --data_name cifar10_20000_4class --train_mode inst_suppress --local 1 --no_save
python main.py --batch_size 512 --epochs 1000 --arch resnet18 --data_name cifar10_20000_4class --train_mode inst_suppress --local 1 --no_save
python main.py --batch_size 512 --epochs 1000 --arch resnet18 --data_name cifar10_20000_4class --train_mode inst_suppress --local 1 --no_save
python main.py --batch_size 512 --epochs 1000 --arch resnet18 --data_name cifar10_20000_4class --train_mode inst_suppress --local 1 --no_save
python main.py --batch_size 512 --epochs 1000 --arch resnet18 --data_name cifar10_20000_4class --train_mode inst_suppress --local 1 --no_save
python main.py --batch_size 512 --epochs 1000 --arch resnet18 --data_name cifar10_20000_4class --train_mode inst_suppress --local 1 --no_save
python main.py --batch_size 512 --epochs 1000 --arch resnet18 --data_name cifar10_20000_4class --train_mode inst_suppress --local 1 --no_save
python main.py --batch_size 512 --epochs 1000 --arch resnet18 --data_name cifar10_20000_4class --train_mode inst_suppress --local 1 --no_save
python main.py --batch_size 512 --epochs 1000 --arch resnet18 --data_name cifar10_20000_4class --train_mode inst_suppress --local 1 --no_save
python main.py --batch_size 512 --epochs 1000 --arch resnet18 --data_name cifar10_20000_4class --train_mode inst_suppress --local 1 --no_save
python main.py --batch_size 512 --epochs 1000 --arch resnet18 --data_name cifar10_20000_4class --train_mode inst_suppress --local 1 --no_save
python main.py --batch_size 512 --epochs 1000 --arch resnet18 --data_name cifar10_20000_4class --train_mode inst_suppress --local 1 --no_save
python main.py --batch_size 512 --epochs 1000 --arch resnet18 --data_name cifar10_20000_4class --train_mode inst_suppress --local 1 --no_save
python main.py --batch_size 512 --epochs 1000 --arch resnet18 --data_name cifar10_20000_4class --train_mode inst_suppress --local 1 --no_save
python main.py --batch_size 512 --epochs 1000 --arch resnet18 --data_name cifar10_20000_4class --train_mode inst_suppress --local 1 --no_save
python main.py --batch_size 512 --epochs 1000 --arch resnet18 --data_name cifar10_20000_4class --train_mode inst_suppress --local 1 --no_save
python main.py --batch_size 512 --epochs 1000 --arch resnet18 --data_name cifar10_20000_4class --train_mode inst_suppress --local 1 --no_save
python main.py --batch_size 512 --epochs 1000 --arch resnet18 --data_name cifar10_20000_4class --train_mode inst_suppress --local 1 --no_save --use_out
python main.py --batch_size 512 --epochs 1000 --arch resnet18 --data_name cifar10_20000_4class --train_mode inst_suppress --local 1 --no_save --use_out
python main.py --batch_size 512 --epochs 1000 --arch resnet18 --data_name cifar10_20000_4class --train_mode inst_suppress --local 1 --no_save --use_out
python main.py --batch_size 512 --epochs 1000 --arch resnet18 --data_name cifar10_20000_4class --train_mode inst_suppress --reorder_reverse --local 1 --no_save
python main.py --batch_size 512 --epochs 1000 --arch resnet18 --data_name cifar10_20000_4class --train_mode inst_suppress --train_data_drop_last --reorder_reverse --half_batch --local 1 --no_save
python main.py --batch_size 512 --epochs 1000 --arch resnet18 --data_name cifar10_20000_4class --train_mode inst_suppress --train_data_drop_last --half_batch --local 1 --no_save
python main2.py --batch_size 512 --epochs 1000 --arch resnet18 --data_name cifar10_20000_4class --train_mode inst_suppress --train_data_drop_last --half_batch --load_model --load_model_path differentiable_45148698_1_20220205130515_0.5_200_512_model --piermaro_whole_epoch 1000 --local 1 --no_save
python main2.py --batch_size 512 --epochs 1000 --arch resnet18 --data_name cifar10_20000_4class --train_mode inst_suppress --train_data_drop_last --load_model --load_model_path differentiable_45148698_1_20220205130515_0.5_200_512_model --piermaro_whole_epoch 1000 --local 1 --no_save
python main2.py --batch_size 512 --epochs 1000 --arch resnet18 --data_name cifar10_20000_4class --train_mode inst_suppress --train_data_drop_last --load_model --load_model_path differentiable_45148698_1_20220205130515_0.5_200_512_model --piermaro_whole_epoch 1000 --local 1 --no_save
python main2.py --batch_size 512 --epochs 1000 --arch resnet18 --data_name cifar10_20000_4class --train_mode inst_suppress --train_data_drop_last --load_model --load_model_path differentiable_45148698_1_20220205130515_0.5_200_512_model --piermaro_whole_epoch 1000 --local 1 --no_save
python main2.py --batch_size 512 --epochs 1000 --arch resnet18 --data_name cifar10_20000_4class --train_mode inst_suppress --train_data_drop_last --load_model --load_model_path differentiable_45148698_1_20220205130515_0.5_200_512_model --piermaro_whole_epoch 1000 --local 1 --no_save
python main2.py --batch_size 512 --epochs 1000 --arch resnet18 --data_name cifar10_20000_4class --train_mode inst_suppress --train_data_drop_last --load_model --load_model_path differentiable_45148698_1_20220205130515_0.5_200_512_model --piermaro_whole_epoch 1000 --local 1 --no_save
python main2.py --batch_size 512 --epochs 1000 --arch resnet18 --data_name cifar10_20000_4class --train_mode inst_suppress --train_data_drop_last --load_model --load_model_path differentiable_45148698_1_20220205130515_0.5_200_512_model --piermaro_whole_epoch 1000 --local 1 --no_save
python main2.py --batch_size 512 --epochs 1000 --arch resnet18 --data_name cifar10_20000_4class --train_mode inst_suppress --train_data_drop_last --load_model --load_model_path differentiable_45148698_1_20220205130515_0.5_200_512_model --piermaro_whole_epoch 1000 --local 1 --no_save
python main2.py --batch_size 512 --epochs 1000 --arch resnet18 --data_name cifar10_20000_4class --train_mode inst_suppress --train_data_drop_last --load_model --load_model_path differentiable_45148698_1_20220205130515_0.5_200_512_model --piermaro_whole_epoch 1000 --local 1 --no_save
python main2.py --batch_size 512 --epochs 1000 --arch resnet18 --data_name cifar10_20000_4class --train_mode inst_suppress --train_data_drop_last --load_model --load_model_path differentiable_45148698_1_20220205130515_0.5_200_512_model --piermaro_whole_epoch 1000 --local 1 --no_save
python main2.py --batch_size 512 --epochs 1000 --arch resnet18 --data_name cifar10_20000_4class --train_mode inst_suppress --train_data_drop_last --load_model --load_model_path differentiable_45148698_1_20220205130515_0.5_200_512_model --piermaro_whole_epoch 1000 --local 1 --no_save
python main2.py --batch_size 512 --epochs 1000 --arch resnet18 --data_name cifar10_20000_4class --train_mode inst_suppress --train_data_drop_last --load_model --load_model_path differentiable_45148698_1_20220205130515_0.5_200_512_model --piermaro_whole_epoch 1000 --local 1 --no_save
python main2.py --batch_size 512 --epochs 1000 --arch resnet18 --data_name cifar10_20000_4class --train_mode curriculum --curriculum DBindex_high2low --train_data_drop_last --load_model --load_model_path random_initial_model1 --local 1 --no_save
python main2.py --batch_size 512 --epochs 1000 --arch resnet18 --data_name cifar10_20000_4class --train_mode curriculum --curriculum DBindex_high2low --train_data_drop_last --load_model --load_model_path random_initial_model1 --local 1 --no_save
python main2.py --batch_size 512 --epochs 1000 --arch resnet18 --data_name cifar10_20000_4class --train_mode curriculum --curriculum DBindex_high2low --train_data_drop_last --load_model --load_model_path random_initial_model1 --local 1 --no_save
python main2.py --batch_size 512 --epochs 1000 --arch resnet18 --data_name cifar10_20000_4class --train_mode curriculum --curriculum DBindex_high2low --train_data_drop_last --load_model --load_model_path random_initial_model1 --local 1 --no_save
python main2.py --batch_size 512 --epochs 1000 --arch resnet18 --data_name cifar10_20000_4class --train_mode curriculum --curriculum DBindex_high2low --train_data_drop_last --load_model --load_model_path random_initial_model1 --local 1 --no_save
python main2.py --batch_size 512 --epochs 1000 --arch resnet18 --data_name cifar10_20000_4class --train_mode curriculum --curriculum DBindex_high2low --train_data_drop_last --load_model --load_model_path random_initial_model1 --local 1 --no_save
python main2.py --batch_size 512 --epochs 1000 --arch resnet18 --data_name cifar10_20000_4class --train_mode curriculum --curriculum DBindex_high2low --train_data_drop_last --load_model --load_model_path random_initial_model1 --local 1 --no_save
python main2.py --batch_size 512 --epochs 1000 --arch resnet18 --data_name cifar10_20000_4class --train_mode curriculum --curriculum DBindex_high2low --train_data_drop_last --load_model --load_model_path random_initial_model1 --local 1 --no_save
python main2.py --batch_size 512 --epochs 1000 --arch resnet18 --data_name cifar10_20000_4class --train_mode curriculum --curriculum DBindex_high2low --train_data_drop_last --load_model --load_model_path random_initial_model1 --local 1 --no_save
python main2.py --batch_size 512 --epochs 1000 --arch resnet18 --data_name cifar10_20000_4class --train_mode curriculum --curriculum DBindex_high2low --train_data_drop_last --load_model --load_model_path random_initial_model1 --local 1 --no_save
python main2.py --batch_size 512 --epochs 1000 --arch resnet18 --data_name cifar10_20000_4class --train_mode curriculum --curriculum DBindex_high2low --train_data_drop_last --load_model --load_model_path random_initial_model1 --local 1 --no_save
python main2.py --batch_size 512 --epochs 1000 --arch resnet18 --data_name cifar10_20000_4class --train_mode curriculum --curriculum DBindex_high2low --train_data_drop_last --load_model --load_model_path random_initial_model1 --local 1 --no_save
python main2.py --batch_size 512 --epochs 1000 --arch resnet18 --data_name cifar10_20000_4class --train_mode curriculum --curriculum DBindex_high2low --train_data_drop_last --load_model --load_model_path random_initial_model1 --local 1 --no_save
python main.py --batch_size 512 --epochs 600 --arch resnet18 --data_name cifar10_20000_4class --train_mode inst_suppress --train_data_drop_last --half_batch --local 1 --no_save
python main2.py --batch_size 512 --epochs 1000 --arch resnet18 --data_name cifar10_20000_4class --train_mode curriculum --curriculum DBindex_high2low --train_data_drop_last --load_model --load_model_path random_initial_model1 --local 1 --no_save
python main2.py --batch_size 512 --epochs 1000 --arch resnet18 --data_name cifar10_20000_4class --train_mode curriculum --curriculum DBindex_high2low --train_data_drop_last --load_model --load_model_path random_initial_model1 --local 1 --no_save
python main2.py --batch_size 512 --epochs 1000 --arch resnet18 --data_name cifar10_20000_4class --train_mode curriculum --curriculum DBindex_high2low --train_data_drop_last --load_model --load_model_path random_initial_model1 --local 1 --no_save
python main2.py --batch_size 512 --epochs 1000 --arch resnet18 --data_name cifar10_20000_4class --train_mode curriculum --curriculum DBindex_high2low --train_data_drop_last --load_model --load_model_path random_initial_model1 --local 1 --no_save
python main2.py --batch_size 512 --epochs 1000 --arch resnet18 --data_name cifar10_20000_4class --train_mode curriculum --curriculum DBindex_high2low --train_data_drop_last --load_model --load_model_path normal_45305664_1_20220207212804_0.5_200_512_model --local 1 --no_save
python main2.py --batch_size 512 --epochs 1000 --arch resnet18 --data_name cifar10_20000_4class --train_mode curriculum --curriculum DBindex_high2low --train_data_drop_last --not_shuffle_train_data --load_model --load_model_path normal_45305664_1_20220207212804_0.5_200_512_model --local 1 --no_save
python main2.py --batch_size 512 --epochs 1000 --arch resnet18 --data_name cifar10_20000_4class --train_mode curriculum --curriculum DBindex_high2low --train_data_drop_last --not_shuffle_train_data --load_model --load_model_path normal_45305664_1_20220207212804_0.5_200_512_model --local 1 --no_save
python main2.py --batch_size 128 --epochs 2000 --arch resnet18 --data_name cifar10_1024_4class --train_mode curriculum --curriculum DBindex_high2low --train_data_drop_last --load_model --load_model_path random_initial_model1 --local 1 --no_save
python main2.py --batch_size 128 --epochs 2000 --arch resnet18 --data_name cifar10_1024_4class --train_mode curriculum --curriculum DBindex_high2low --train_data_drop_last --load_model --load_model_path random_initial_model1 --local 1 --no_save
python main2.py --batch_size 128 --epochs 2000 --arch resnet18 --data_name cifar10_1024_4class --train_mode curriculum --curriculum DBindex_high2low --train_data_drop_last --load_model --load_model_path random_initial_model1 --local 1 --no_save
python main2.py --batch_size 128 --epochs 2000 --arch resnet18 --data_name cifar10_1024_4class --train_mode curriculum --curriculum DBindex_high2low --train_data_drop_last --load_model --load_model_path random_initial_model1 --local 1 --no_save
python main2.py --batch_size 128 --epochs 2000 --arch resnet18 --data_name cifar10_1024_4class --train_mode curriculum --curriculum DBindex_high2low --train_data_drop_last --load_model --load_model_path random_initial_model1 --local 1 --no_save
python main2.py --batch_size 128 --epochs 2000 --arch resnet18 --data_name cifar10_1024_4class --train_mode curriculum --curriculum DBindex_high2low --train_data_drop_last --load_model --load_model_path random_initial_model1 --local 1 --no_save
python main2.py --batch_size 128 --epochs 2000 --arch resnet18 --data_name cifar10_1024_4class --train_mode curriculum --curriculum DBindex_high2low --train_data_drop_last --load_model --load_model_path random_initial_model1 --local 1 --no_save
python main.py --batch_size 128 --epochs 2000 --arch resnet18 --data_name cifar10_1024_4class --train_mode curriculum --curriculum DBindex_high2low --train_data_drop_last --load_model --load_model_path random_initial_model1 --start_batch_num_ratio 0.5 --local 1 --no_save
python main.py --batch_size 128 --epochs 2000 --arch resnet18 --data_name cifar10_1024_4class --train_mode curriculum --curriculum DBindex_high2low --train_data_drop_last --load_model --load_model_path random_initial_model1 --start_batch_num_ratio 0.5 --local 1 --no_save
python main.py --batch_size 128 --epochs 2000 --arch resnet18 --data_name cifar10_1024_4class --train_mode curriculum --curriculum DBindex_cluster_GT --train_data_drop_last --load_model --load_model_path random_initial_model1 --start_batch_num_ratio 0 --local 1 --no_save
python main.py --batch_size 128 --epochs 2000 --arch resnet18 --data_name cifar10_1024_4class --train_mode curriculum --curriculum DBindex_cluster_GT --train_data_drop_last --load_model --load_model_path normal_45305664_1_20220207212804_0.5_200_512_model --start_batch_num_ratio 0 --local 1 --no_save
python main.py --batch_size 128 --epochs 2000 --arch resnet18 --data_name cifar10_1024_4class --train_mode curriculum --curriculum DBindex_cluster_GT --train_data_drop_last --load_model --load_model_path normal_45305664_1_20220207212804_0.5_200_512_model --start_batch_num_ratio 0 --local 1 --no_save
python main.py --batch_size 128 --epochs 2000 --arch resnet18 --data_name cifar10_1024_4class --train_mode curriculum --curriculum DBindex_cluster_GT --train_data_drop_last --load_model --load_model_path normal_45305664_1_20220207212804_0.5_200_512_model --start_batch_num_ratio 0 --local 1 --no_save
python main.py --batch_size 128 --epochs 2000 --arch resnet18 --data_name cifar10_1024_4class --train_mode curriculum --curriculum DBindex_cluster_GT --train_data_drop_last --load_model --load_model_path normal_45305664_1_20220207212804_0.5_200_512_model --start_batch_num_ratio 0 --local 1 --no_save
python main.py --batch_size 128 --epochs 2000 --arch resnet18 --data_name cifar10_1024_4class --train_mode curriculum --curriculum DBindex_cluster_GT --train_data_drop_last --load_model --load_model_path normal_45305664_1_20220207212804_0.5_200_512_model --start_batch_num_ratio 0 --local 1 --no_save
python main.py --batch_size 128 --epochs 2000 --arch resnet18 --data_name cifar10_1024_4class --train_mode curriculum --curriculum DBindex_cluster_GT --train_data_drop_last --load_model --load_model_path normal_45305664_1_20220207212804_0.5_200_512_model --start_batch_num_ratio 0 --local 1 --no_save
python main.py --batch_size 128 --epochs 2000 --arch resnet18 --data_name cifar10_1024_4class --train_mode curriculum --curriculum DBindex_cluster_GT --train_data_drop_last --load_model --load_model_path random_initial_model1 --start_batch_num_ratio 0 --local 1 --no_save
python main.py --batch_size 128 --epochs 2000 --arch resnet18 --data_name cifar10_1024_4class --train_mode curriculum --curriculum DBindex_cluster_GT --train_data_drop_last --load_model --load_model_path random_initial_model1 --start_batch_num_ratio 0 --local 1 --no_save
python main.py --batch_size 128 --epochs 2000 --arch resnet18 --data_name cifar10_1024_4class --train_mode curriculum --curriculum DBindex_cluster_GT --curriculum_scheduler 0_1_1 --train_data_drop_last --load_model --load_model_path random_initial_model1 --start_batch_num_ratio 0 --local 1 --no_save
python main.py --batch_size 128 --epochs 2000 --arch resnet18 --data_name cifar10_1024_4class --train_mode curriculum --curriculum DBindex_ratio_inst_cluster_GT --curriculum_scheduler 0_1_1 --train_data_drop_last --load_model --load_model_path random_initial_model1 --start_batch_num_ratio 0 --local 1 --no_save
python main.py --batch_size 128 --epochs 2000 --arch resnet18 --data_name cifar10_1024_4class --train_mode curriculum --curriculum DBindex_ratio_inst_cluster_GT --curriculum_scheduler 0_1_1 --train_data_drop_last --load_model --load_model_path random_initial_model1 --start_batch_num_ratio 0 --local 1 --no_save
python main.py --batch_size 128 --epochs 2000 --arch resnet18 --data_name cifar10_1024_4class --train_mode curriculum --curriculum DBindex_ratio_inst_cluster_GT --curriculum_scheduler 0_1_1 --train_data_drop_last --load_model --load_model_path random_initial_model1 --start_batch_num_ratio 0 --local 1 --no_save
python main.py --batch_size 128 --epochs 2000 --arch resnet18 --data_name cifar10_1024_4class --train_mode curriculum --curriculum DBindex_ratio_inst_cluster_GT --curriculum_scheduler 0_1_1 --train_data_drop_last --load_model --load_model_path random_initial_model1 --start_batch_num_ratio 0 --local 1 --no_save
python main.py --batch_size 128 --epochs 2000 --arch resnet18 --data_name cifar10_1024_4class --train_mode curriculum --curriculum DBindex_ratio_inst_cluster_GT --curriculum_scheduler 0_1_1 --train_data_drop_last --load_model --load_model_path random_initial_model1 --start_batch_num_ratio 0 --local 1 --no_save --DBindex_use_org_sample
python main.py --batch_size 128 --epochs 20 --arch resnet18 --data_name cifar10_1024_4class --train_mode curriculum --curriculum DBindex_ratio_inst_cluster_GT --curriculum_scheduler 0_1_1 --train_data_drop_last --load_model --load_model_path random_initial_model1 --start_batch_num_ratio 0 --local 1 --DBindex_use_org_sample
python main.py --batch_size 128 --epochs 20 --arch resnet18 --data_name cifar10_1024_4class --train_mode curriculum --curriculum DBindex_ratio_inst_cluster_GT --curriculum_scheduler 0_1_1 --train_data_drop_last --load_model --load_model_path random_initial_model1 --start_batch_num_ratio 0 --local 1 --no_save
python main.py --batch_size 128 --epochs 20 --arch resnet18 --data_name cifar10_1024_4class --train_mode curriculum --curriculum DBindex_ratio_inst_cluster_GT --curriculum_scheduler 0_1_1 --train_data_drop_last --load_model --load_model_path random_initial_model1 --start_batch_num_ratio 0 --local 2 --no_save
python main.py --batch_size 128 --epochs 20 --arch resnet18 --data_name cifar10_1024_4class --train_mode curriculum --curriculum DBindex_ratio_inst_cluster_GT --curriculum_scheduler 0_1_1 --train_data_drop_last --load_model --load_model_path random_initial_model1 --start_batch_num_ratio 0 --local 2 --no_save
python main.py --batch_size 128 --epochs 20 --arch resnet18 --data_name cifar10_1024_4class --train_mode curriculum --curriculum DBindex_ratio_inst_cluster_GT --curriculum_scheduler 0_1_1 --train_data_drop_last --load_model --load_model_path random_initial_model1 --start_batch_num_ratio 0 --local 2 --no_save
python main.py --batch_size 128 --epochs 20 --arch resnet18 --data_name cifar10_1024_4class --train_mode curriculum --curriculum DBindex_product_inst_cluster_GT --curriculum_scheduler 0_1_1 --train_data_drop_last --load_model --load_model_path random_initial_model1 --start_batch_num_ratio 0 --local 2 --no_save
python main.py --batch_size 128 --epochs 20 --arch resnet18 --data_name cifar10_1024_4class --train_mode curriculum --curriculum DBindex_cluster_GT --curriculum_scheduler 0_1_1 --train_data_drop_last --load_model --load_model_path random_initial_model1 --start_batch_num_ratio 0 --local 2 --no_save
python main.py --batch_size 128 --epochs 20 --arch resnet18 --data_name cifar10_1024_4class --train_mode curriculum --curriculum DBindex_cluster_GT --curriculum_scheduler 0_1_1 --train_data_drop_last --load_model --load_model_path random_initial_model1 --start_batch_num_ratio 0 --reorder_reverse --local 2 --no_save
python main.py --batch_size 128 --epochs 20 --arch resnet18 --data_name cifar10_1024_4class --train_mode curriculum --curriculum DBindex_cluster_GT --curriculum_scheduler 0_1_1 --train_data_drop_last --load_model --load_model_path random_initial_model1 --start_batch_num_ratio 0 --reorder_reverse --local 2 --no_save
python main.py --batch_size 128 --epochs 20 --arch resnet18 --data_name cifar10_1024_4class --train_mode normal --curriculum DBindex_cluster_GT --curriculum_scheduler 0_1_1 --train_data_drop_last --load_model --load_model_path random_initial_model1 --start_batch_num_ratio 0 --reorder_reverse --local 2 --no_save
python main.py --batch_size 128 --epochs 20 --arch resnet18 --data_name cifar10_1024_4class --train_mode normal --curriculum DBindex_cluster_GT --curriculum_scheduler 0_1_1 --train_data_drop_last --load_model --load_model_path random_initial_model1 --start_batch_num_ratio 0 --reorder_reverse --local 2 --no_save
python main.py --batch_size 128 --epochs 20 --arch resnet18 --data_name cifar10_1024_4class --train_mode normal --curriculum DBindex_cluster_GT --curriculum_scheduler 0_1_1 --train_data_drop_last --load_model --load_model_path random_initial_model1 --start_batch_num_ratio 0 --reorder_reverse --local 2 --no_save --my_data_loader
python main.py --batch_size 128 --epochs 20 --arch resnet18 --data_name cifar10_1024_4class --train_mode normal --curriculum DBindex_cluster_GT --curriculum_scheduler 0_1_1 --train_data_drop_last --load_model --load_model_path random_initial_model1 --start_batch_num_ratio 0 --reorder_reverse --local 2 --no_save --my_train_loader
python main.py --batch_size 128 --epochs 1000 --arch resnet18 --data_name cifar10_1024_4class --train_mode normal --curriculum DBindex_high2low --train_data_drop_last --not_shuffle_train_data --load_model --load_model_path random_initial_model1 --reorder_reverse --start_batch_num_ratio 0.5 --curriculum_scheduler 0_1_1 --my_train_loader
python main.py --batch_size 128 --epochs 1000 --arch resnet18 --data_name cifar10_1024_4class --train_mode normal --curriculum DBindex_high2low --train_data_drop_last --not_shuffle_train_data --load_model --load_model_path random_initial_model1 --reorder_reverse --start_batch_num_ratio 0.5 --curriculum_scheduler 0_1_1 --my_train_loader
python main.py --batch_size 128 --epochs 1000 --arch resnet18 --data_name cifar10_1024_4class --train_mode curriculum --curriculum DBindex_high2low --train_data_drop_last --not_shuffle_train_data --load_model --load_model_path random_initial_model1 --reorder_reverse --start_batch_num_ratio 0.5 --curriculum_scheduler 0_1_1
python main.py --batch_size 128 --epochs 1000 --arch resnet18 --data_name cifar10_1024_4class --train_mode curriculum --curriculum DBindex_high2low --train_data_drop_last --not_shuffle_train_data --load_model --load_model_path random_initial_model1 --reorder_reverse --start_batch_num_ratio 0.5 --curriculum_scheduler 0_1_1
python main.py --batch_size 128 --epochs 1000 --arch resnet18 --data_name cifar10_1024_4class --train_mode curriculum --curriculum DBindex_cluster_GT_org_sample_only --train_data_drop_last --load_model --load_model_path random_initial_model1 --reorder_reverse --start_batch_num_ratio 0.5 --curriculum_scheduler 0_1_1
python main.py --batch_size 128 --epochs 1000 --arch resnet18 --data_name cifar10_1024_4class --train_mode curriculum --curriculum DBindex_cluster_GT_org_sample_only --train_data_drop_last --load_model --load_model_path random_initial_model1 --reorder_reverse --start_batch_num_ratio 0.5 --curriculum_scheduler 0_1_1
python main.py --batch_size 128 --epochs 1000 --arch resnet18 --data_name cifar10_1024_4class --train_mode curriculum --curriculum DBindex_cluster_GT_org_sample_only --train_data_drop_last --load_model --load_model_path random_initial_model1 --reorder_reverse --start_batch_num_ratio 0.5 --curriculum_scheduler 0_1_1
python main.py --batch_size 128 --epochs 1000 --arch resnet18 --data_name cifar10_1024_4class --train_mode curriculum --curriculum mass_condidate --train_data_drop_last --load_model --load_model_path random_initial_model1 --reorder_reverse --start_batch_num_ratio 0.5 --curriculum_scheduler 0_1_1
python main.py --batch_size 128 --epochs 1000 --arch resnet18 --data_name cifar10_1024_4class --train_mode curriculum --curriculum mass_condidate --train_data_drop_last --load_model --load_model_path random_initial_model1 --reorder_reverse --start_batch_num_ratio 0.5 --curriculum_scheduler 0_1_1
python main.py --batch_size 128 --epochs 1000 --arch resnet18 --data_name cifar10_1024_4class --train_mode curriculum --curriculum mass_condidate --train_data_drop_last --load_model --load_model_path random_initial_model1 --reorder_reverse --start_batch_num_ratio 0.5 --curriculum_scheduler 0_1_1
python main.py --batch_size 128 --epochs 1000 --arch resnet18 --data_name cifar10_1024_4class --train_mode curriculum --curriculum mass_condidate --train_data_drop_last --load_model --load_model_path random_initial_model1 --reorder_reverse --start_batch_num_ratio 0.5 --curriculum_scheduler 0_1_1
python main.py --batch_size 128 --epochs 1000 --arch resnet18 --data_name cifar10_1024_4class --train_mode curriculum --curriculum mass_condidate --train_data_drop_last --load_model --load_model_path random_initial_model1 --reorder_reverse --start_batch_num_ratio 0.5 --curriculum_scheduler 0_1_1
python main.py --batch_size 128 --epochs 1000 --arch resnet18 --data_name cifar10_1024_4class --train_mode curriculum --curriculum DBindex_cluster_GT --mass_condidate mass_condidate --train_data_drop_last --load_model --load_model_path random_initial_model1 --reorder_reverse --start_batch_num_ratio 0.5 --curriculum_scheduler 0_1_1
python main.py --batch_size 128 --epochs 1000 --arch resnet18 --data_name cifar10_1024_4class --train_mode curriculum --curriculum DBindex_cluster_GT --mass_candidate mass_candidate --train_data_drop_last --load_model --load_model_path random_initial_model1 --reorder_reverse --start_batch_num_ratio 0.5 --curriculum_scheduler 0_1_1
python main.py --batch_size 128 --epochs 1000 --arch resnet18 --data_name cifar10_1024_4class --train_mode curriculum --curriculum DBindex_cluster_GT --mass_candidate mass_candidate --train_data_drop_last --load_model --load_model_path random_initial_model1 --reorder_reverse --start_batch_num_ratio 0.5 --curriculum_scheduler 0_1_1
python main.py --batch_size 128 --epochs 1000 --arch resnet18 --data_name cifar10_1024_4class --train_mode curriculum --curriculum DBindex_cluster_GT --mass_candidate mass_candidate --train_data_drop_last --load_model --load_model_path random_initial_model1 --reorder_reverse --start_batch_num_ratio 0.5 --curriculum_scheduler 0_1_1
python main.py --batch_size 128 --epochs 1000 --arch resnet18 --data_name cifar10_1024_4class --train_mode curriculum --curriculum DBindex_cluster_GT --mass_candidate mass_candidate --train_data_drop_last --load_model --load_model_path random_initial_model1 --reorder_reverse --start_batch_num_ratio 0.5 --curriculum_scheduler 0_1_1
python main.py --batch_size 128 --epochs 1000 --arch resnet18 --data_name cifar10_1024_4class --train_mode curriculum --curriculum DBindex_cluster_GT --mass_candidate mass_candidate --train_data_drop_last --load_model --load_model_path random_initial_model1 --reorder_reverse --start_batch_num_ratio 0.5 --curriculum_scheduler 0_1_1
python main.py --batch_size 128 --epochs 1000 --arch resnet18 --data_name cifar10_1024_4class --train_mode curriculum --curriculum DBindex_cluster_GT --mass_candidate mass_candidate --train_data_drop_last --load_model --load_model_path random_initial_model1 --reorder_reverse --start_batch_num_ratio 0.5 --curriculum_scheduler 0_1_1
python main.py --batch_size 128 --epochs 1000 --arch resnet18 --data_name cifar10_1024_4class --train_mode curriculum --curriculum DBindex_cluster_GT --mass_candidate mass_candidate --train_data_drop_last --load_model --load_model_path random_initial_model1 --reorder_reverse --start_batch_num_ratio 0.5 --curriculum_scheduler 0_1_1
python main.py --batch_size 128 --epochs 1000 --arch resnet18 --data_name cifar10_1024_4class --train_mode curriculum --curriculum DBindex_cluster_GT --mass_candidate mass_candidate --train_data_drop_last --load_model --load_model_path random_initial_model1 --reorder_reverse --start_batch_num_ratio 0.5 --curriculum_scheduler 0_1_1
python main.py --batch_size 128 --epochs 1000 --arch resnet18 --data_name cifar10_1024_4class --train_mode curriculum --curriculum DBindex_cluster_GT --mass_candidate mass_candidate --train_data_drop_last --load_model --load_model_path random_initial_model1 --reorder_reverse --start_batch_num_ratio 0.5 --curriculum_scheduler 0_1_1
python main.py --batch_size 128 --epochs 1000 --arch resnet18 --data_name cifar10_1024_4class --train_mode curriculum --curriculum DBindex_cluster_GT --mass_candidate mass_candidate --train_data_drop_last --load_model --load_model_path random_initial_model1 --reorder_reverse --start_batch_num_ratio 0.5 --curriculum_scheduler 0_1_1
python main.py --batch_size 128 --epochs 1000 --arch resnet18 --data_name cifar10_1024_4class --train_mode curriculum --curriculum DBindex_cluster_GT --mass_candidate mass_candidate --train_data_drop_last --load_model --load_model_path random_initial_model1 --reorder_reverse --start_batch_num_ratio 0.5 --curriculum_scheduler 0_1_1
python main.py --batch_size 128 --epochs 1000 --arch resnet18 --data_name cifar10_1024_4class --train_mode curriculum --curriculum DBindex_cluster_GT --mass_candidate mass_candidate --train_data_drop_last --load_model --load_model_path random_initial_model1 --reorder_reverse --start_batch_num_ratio 0.5 --curriculum_scheduler 0_1_1
python main.py --batch_size 128 --epochs 1000 --arch resnet18 --data_name cifar10_1024_4class --train_mode curriculum --curriculum DBindex_cluster_GT --mass_candidate mass_candidate --train_data_drop_last --load_model --load_model_path random_initial_model1 --reorder_reverse --start_batch_num_ratio 0.5 --curriculum_scheduler 0_1_1
python main.py --batch_size 128 --epochs 1000 --arch resnet18 --data_name cifar10_1024_4class --train_mode curriculum --curriculum DBindex_cluster_GT --mass_candidate mass_candidate --train_data_drop_last --load_model --load_model_path random_initial_model1 --reorder_reverse --start_batch_num_ratio 0.5 --curriculum_scheduler 0_1_1
python main.py --batch_size 128 --epochs 1000 --arch resnet18 --data_name cifar10_1024_4class --train_mode curriculum --curriculum DBindex_cluster_GT --mass_candidate mass_candidate --train_data_drop_last --load_model --load_model_path random_initial_model1 --reorder_reverse --start_batch_num_ratio 0.5 --curriculum_scheduler 0_1_1
python main.py --batch_size 128 --epochs 1000 --arch resnet18 --data_name cifar10_1024_4class --train_mode curriculum --curriculum DBindex_cluster_GT --mass_candidate mass_candidate --train_data_drop_last --load_model --load_model_path random_initial_model1 --reorder_reverse --start_batch_num_ratio 0.5 --curriculum_scheduler 0_1_1
python main.py --batch_size 128 --epochs 1000 --arch resnet18 --data_name cifar10_1024_4class --train_mode curriculum --curriculum DBindex_cluster_GT --mass_candidate mass_candidate --train_data_drop_last --load_model --load_model_path random_initial_model1 --reorder_reverse --start_batch_num_ratio 0.5 --curriculum_scheduler 0_1_1
python main.py --batch_size 128 --epochs 1000 --arch resnet18 --data_name cifar10_1024_4class --train_mode curriculum --curriculum DBindex_cluster_GT --mass_candidate mass_candidate --train_data_drop_last --load_model --load_model_path random_initial_model1 --reorder_reverse --start_batch_num_ratio 0.5 --curriculum_scheduler 0_1_1
python main.py --batch_size 128 --epochs 1000 --arch resnet18 --data_name cifar10_1024_4class --train_mode curriculum --curriculum DBindex_cluster_GT --mass_candidate mass_candidate --train_data_drop_last --load_model --load_model_path random_initial_model1 --reorder_reverse --start_batch_num_ratio 0.5 --curriculum_scheduler 0_1_1
python main.py --batch_size 128 --epochs 1000 --arch resnet18 --data_name cifar10_1024_4class --train_mode curriculum --curriculum DBindex_cluster_GT --mass_candidate mass_candidate --train_data_drop_last --load_model --load_model_path random_initial_model1 --reorder_reverse --start_batch_num_ratio 0.5 --curriculum_scheduler 0_1_1
python main.py --batch_size 128 --epochs 1000 --arch resnet18 --data_name cifar10_1024_4class --train_mode curriculum --curriculum DBindex_cluster_GT --mass_candidate mass_candidate --train_data_drop_last --load_model --load_model_path random_initial_model1 --reorder_reverse --start_batch_num_ratio 0.5 --curriculum_scheduler 0_1_1
python main.py --batch_size 128 --epochs 1000 --arch resnet18 --data_name cifar10_1024_4class --train_mode curriculum --curriculum DBindex_cluster_GT --mass_candidate mass_candidate --train_data_drop_last --load_model --load_model_path random_initial_model1 --reorder_reverse --start_batch_num_ratio 0.5 --curriculum_scheduler 0_1_1
python main.py --batch_size 128 --epochs 1000 --arch resnet18 --data_name cifar10_1024_4class --train_mode curriculum --curriculum DBindex_high2low --mass_candidate mass_candidate --train_data_drop_last --load_model --load_model_path random_initial_model1 --reorder_reverse --start_batch_num_ratio 0.5 --curriculum_scheduler 0_1_1
python main.py --batch_size 128 --epochs 1000 --arch resnet18 --data_name cifar10_1024_4class --train_mode curriculum --curriculum DBindex_high2low --mass_candidate mass_candidate --train_data_drop_last --load_model --load_model_path random_initial_model1 --reorder_reverse --start_batch_num_ratio 0.5 --curriculum_scheduler 0_1_1
python main.py --batch_size 128 --epochs 1000 --arch resnet18 --data_name cifar10_1024_4class --train_mode curriculum --curriculum DBindex_high2low --mass_candidate mass_candidate --train_data_drop_last --load_model --load_model_path random_initial_model1 --reorder_reverse --start_batch_num_ratio 0.5 --curriculum_scheduler 0_1_1
python main.py --batch_size 128 --epochs 1000 --arch resnet18 --data_name cifar10_1024_4class --train_mode curriculum --curriculum DBindex_high2low --train_data_drop_last --load_model --load_model_path random_initial_model1 --reorder_reverse --start_batch_num_ratio 0.5 --curriculum_scheduler 0_1_1
python main.py --batch_size 128 --epochs 1000 --arch resnet18 --data_name cifar10_1024_4class --train_mode curriculum --curriculum DBindex_high2low --train_data_drop_last --load_model --load_model_path normal_45305664_1_20220207212804_0.5_200_512_model --start_batch_num_ratio 0.5 --curriculum_scheduler 0_1_1
python main.py --batch_size 128 --epochs 1000 --arch resnet18 --data_name cifar10_1024_4class --train_mode curriculum --curriculum DBindex_high2low --mass_candidate mass_candidate --train_data_drop_last --load_model --load_model_path normal_45305664_1_20220207212804_0.5_200_512_model --start_batch_num_ratio 0.5 --curriculum_scheduler 0_1_1
python main.py --batch_size 128 --epochs 1000 --arch resnet18 --data_name cifar10_1024_4class --train_mode curriculum --curriculum DBindex_cluster_GT --mass_candidate mass_candidate --train_data_drop_last --load_model --load_model_path normal_45305664_1_20220207212804_0.5_200_512_model --start_batch_num_ratio 0.5 --curriculum_scheduler 0_1_1
python main.py --batch_size 128 --epochs 1000 --arch resnet18 --data_name cifar10_1024_4class --train_mode curriculum --curriculum DBindex_cluster_GT --train_data_drop_last --load_model --load_model_path normal_45305664_1_20220207212804_0.5_200_512_model --start_batch_num_ratio 0.5 --curriculum_scheduler 0_1_1
python main.py --batch_size 128 --epochs 1000 --arch resnet18 --data_name cifar10_1024_4class --train_mode curriculum --curriculum DBindex_cluster_GT --mass_candidate mass_candidate --train_data_drop_last --load_model --load_model_path normal_45305664_1_20220207212804_0.5_200_512_model --reorder_reverse --start_batch_num_ratio 0.5 --curriculum_scheduler 0_1_1
python main.py --batch_size 128 --epochs 1000 --arch resnet18 --data_name cifar10_1024_4class --train_mode curriculum --curriculum DBindex_cluster_GT --mass_candidate mass_candidate --train_data_drop_last --load_model --load_model_path normal_45305664_1_20220207212804_0.5_200_512_model --reorder_reverse --start_batch_num_ratio 0.5 --curriculum_scheduler 0_1_1
python main.py --batch_size 128 --epochs 1000 --arch resnet18 --data_name cifar10_1024_4class --train_mode curriculum --curriculum DBindex_cluster_GT --mass_candidate mass_candidate --train_data_drop_last --load_model --load_model_path normal_45305664_1_20220207212804_0.5_200_512_model --reorder_reverse --start_batch_num_ratio 0.5 --curriculum_scheduler 0_1_1 --random_last_3batch
python main.py --batch_size 128 --epochs 1000 --arch resnet18 --data_name cifar10_1024_4class --train_mode curriculum --curriculum DBindex_cluster_GT --mass_candidate mass_candidate --train_data_drop_last --load_model --load_model_path normal_45305664_1_20220207212804_0.5_200_512_model --reorder_reverse --start_batch_num_ratio 0.5 --curriculum_scheduler 0_1_1 --random_last_3batch
python main.py --batch_size 128 --epochs 1000 --arch resnet18 --data_name cifar10_1024_4class --train_mode curriculum --curriculum DBindex_cluster_GT --mass_candidate mass_candidate --train_data_drop_last --load_model --load_model_path normal_45305664_1_20220207212804_0.5_200_512_model --reorder_reverse --start_batch_num_ratio 0.5 --curriculum_scheduler 0_1_1 --random_last_3batch
python main.py --batch_size 128 --epochs 1000 --arch resnet18 --data_name cifar10_1024_4class --train_mode curriculum --curriculum DBindex_cluster_GT --mass_candidate mass_candidate --train_data_drop_last --load_model --load_model_path normal_45305664_1_20220207212804_0.5_200_512_model --reorder_reverse --start_batch_num_ratio 1 --curriculum_scheduler 0_1_1 --random_last_3batch
python main.py --batch_size 128 --epochs 1000 --arch resnet18 --data_name cifar10_1024_4class --train_mode curriculum --curriculum DBindex_cluster_GT --mass_candidate mass_candidate --train_data_drop_last --load_model --load_model_path normal_45305664_1_20220207212804_0.5_200_512_model --reorder_reverse --start_batch_num_ratio 1 --curriculum_scheduler 0_1_1 --random_last_3batch --all_in_flag
python main2.py --batch_size 128 --epochs 1000 --arch resnet18 --data_name cifar10_1024_4class --train_mode curriculum --curriculum DBindex_cluster_GT --mass_candidate mass_candidate_replacement --train_data_drop_last --load_model --load_model_path random_initial_model1 --reorder_reverse --start_batch_num_ratio 1 --curriculum_scheduler 0_1_1
python main2.py --batch_size 128 --epochs 1000 --arch resnet18 --data_name cifar10_1024_4class --train_mode curriculum --curriculum DBindex_cluster_GT --mass_candidate mass_candidate_replacement --train_data_drop_last --load_model --load_model_path normal_45305664_1_20220207212804_0.5_200_512_model --reorder_reverse --start_batch_num_ratio 1 --curriculum_scheduler 0_1_1
python main2.py --batch_size 128 --epochs 1000 --arch resnet18 --data_name cifar10_1024_4class --train_mode curriculum --curriculum DBindex_cluster_GT --mass_candidate mass_candidate --train_data_drop_last --load_model --load_model_path random_initial_model1 --reorder_reverse --start_batch_num_ratio 1 --curriculum_scheduler 0_1_1
python main2.py --batch_size 128 --epochs 1000 --arch resnet18 --data_name cifar10_1024_4class --train_mode curriculum --curriculum DBindex_cluster_GT --mass_candidate mass_candidate --train_data_drop_last --load_model --load_model_path random_initial_model1 --reorder_reverse --start_batch_num_ratio 1 --curriculum_scheduler 0_1_1
python main2.py --batch_size 128 --epochs 1000 --arch resnet18 --data_name cifar10_1024_4class --train_mode curriculum --curriculum DBindex_cluster_GT --mass_candidate mass_candidate --train_data_drop_last --load_model --load_model_path random_initial_model1 --reorder_reverse --start_batch_num_ratio 1 --curriculum_scheduler 0_1_1
python main2.py --batch_size 128 --epochs 1000 --arch resnet18 --data_name cifar10_1024_4class --train_mode curriculum --curriculum DBindex_cluster_GT --mass_candidate mass_candidate --train_data_drop_last --load_model --load_model_path random_initial_model1 --reorder_reverse --start_batch_num_ratio 1 --curriculum_scheduler 0_1_1
python main2.py --batch_size 128 --epochs 1000 --arch resnet18 --data_name cifar10_1024_4class --train_mode curriculum --curriculum DBindex_cluster_GT --mass_candidate mass_candidate --train_data_drop_last --load_model --load_model_path random_initial_model1 --start_batch_num_ratio 1 --curriculum_scheduler 0_1_1
python main2.py --batch_size 128 --epochs 1000 --arch resnet18 --data_name cifar10_1024_4class --train_mode curriculum --curriculum DBindex_cluster_GT --mass_candidate mass_candidate --train_data_drop_last --load_model --load_model_path normal_45305664_1_20220207212804_0.5_200_512_model --reorder_reverse --start_batch_num_ratio 1 --curriculum_scheduler 0_1_1
python main2.py --batch_size 128 --epochs 1000 --arch resnet18 --data_name cifar10_1024_4class --train_mode curriculum --curriculum DBindex_cluster_GT --mass_candidate mass_candidate --train_data_drop_last --load_model --load_model_path normal_45305664_1_20220207212804_0.5_200_512_model --start_batch_num_ratio 1 --curriculum_scheduler 0_1_1
python main2.py --batch_size 128 --epochs 1000 --arch resnet18 --data_name cifar10_1024_4class --train_mode curriculum --curriculum DBindex_cluster_GT --mass_candidate mass_candidate --train_data_drop_last --load_model --load_model_path normal_45305664_1_20220207212804_0.5_200_512_model --start_batch_num_ratio 1 --curriculum_scheduler 0_1_1 --my_data_loader
python main.py --batch_size 128 --epochs 1000 --arch resnet18 --data_name cifar10_1024_4class --train_mode curriculum --curriculum DBindex_cluster_GT --mass_candidate mass_candidate --train_data_drop_last --load_model --load_model_path normal_45305664_1_20220207212804_0.5_200_512_model --start_batch_num_ratio 1 --curriculum_scheduler 0_1_1 --my_data_loader
python main2.py --batch_size 128 --epochs 1000 --arch resnet18 --data_name cifar10_1024_4class --train_mode curriculum --curriculum DBindex_cluster_GT --mass_candidate mass_candidate --train_data_drop_last --load_model --load_model_path random_initial_model1 --start_batch_num_ratio 1 --curriculum_scheduler 0_1_1 --my_data_loader --ptrain_model_path normal_45305664_1_20220207212804_0.5_200_512_model
python main2.py --batch_size 128 --epochs 1000 --arch resnet18 --data_name cifar10_1024_4class --train_mode curriculum --curriculum DBindex_cluster_GT --mass_candidate mass_candidate --train_data_drop_last --load_model --load_model_path random_initial_model1 --start_batch_num_ratio 1 --curriculum_scheduler 0_1_1 --my_data_loader --pretrain_model_path normal_45305664_1_20220207212804_0.5_200_512_model
python main2.py --batch_size 128 --epochs 1000 --arch resnet18 --data_name cifar10_1024_4class --train_mode curriculum --curriculum DBindex_cluster_GT --mass_candidate mass_candidate --train_data_drop_last --load_model --load_model_path random_initial_model1 --start_batch_num_ratio 1 --curriculum_scheduler 0_1_1 --my_data_loader --pretrain_model_path random_initial_model1
python main.py --batch_size 128 --epochs 1000 --arch resnet18 --data_name cifar10_1024_4class --train_mode curriculum --curriculum DBindex_cluster_GT --mass_candidate mass_candidate --train_data_drop_last --load_model --load_model_path random_initial_model1 --start_batch_num_ratio 1 --curriculum_scheduler 0_1_1 --my_data_loader --pretrain_model_path normal_45305664_1_20220207212804_0.5_200_512_model
python main2.py --batch_size 128 --epochs 1000 --arch resnet18 --data_name cifar10_1024_4class --train_mode curriculum --curriculum DBindex_cluster_GT --mass_candidate mass_candidate --train_data_drop_last --load_model --load_model_path random_initial_model1 --start_batch_num_ratio 1 --curriculum_scheduler 0_1_1 --my_data_loader --pretrain_model_path normal_45305664_1_20220207212804_0.5_200_512_model
python main.py --batch_size 128 --epochs 1000 --arch resnet18 --data_name cifar10_1024_4class --train_mode curriculum --curriculum DBindex_cluster_GT --mass_candidate mass_candidate --train_data_drop_last --load_model --load_model_path random_initial_model1 --start_batch_num_ratio 1 --curriculum_scheduler 0_1_1 --my_data_loader --pretrain_model_path normal_45305664_1_20220207212804_0.5_200_512_model
python main.py --batch_size 128 --epochs 1000 --arch resnet18 --data_name cifar10_1024_4class --train_mode curriculum --curriculum DBindex_cluster_GT --mass_candidate mass_candidate --train_data_drop_last --load_model --load_model_path random_initial_model1 --start_batch_num_ratio 1 --curriculum_scheduler 0_1_1 --my_data_loader
python main2.py --batch_size 128 --epochs 1000 --arch resnet18 --data_name cifar10_1024_4class --train_mode curriculum --curriculum DBindex_cluster_GT --mass_candidate mass_candidate --train_data_drop_last --load_model --load_model_path random_initial_model1 --start_batch_num_ratio 1 --curriculum_scheduler 0_1_1 --my_data_loader
python main2.py --batch_size 128 --epochs 1000 --arch resnet18 --data_name cifar10_1024_4class --train_mode curriculum --curriculum DBindex_cluster_GT --mass_candidate mass_candidate --train_data_drop_last --load_model --load_model_path random_initial_model1 --start_batch_num_ratio 1 --curriculum_scheduler 0_1_1
python main.py --batch_size 128 --epochs 1000 --arch resnet18 --data_name cifar10_1024_4class --train_mode curriculum --curriculum DBindex_cluster_GT --mass_candidate mass_candidate --train_data_drop_last --load_model --load_model_path random_initial_model1 --start_batch_num_ratio 1 --curriculum_scheduler 0_1_1
python main.py --batch_size 128 --epochs 1000 --arch resnet18 --data_name cifar10_1024_4class --train_mode curriculum --curriculum DBindex_cluster_GT --mass_candidate mass_candidate --train_data_drop_last --load_model --load_model_path random_initial_model1 --start_batch_num_ratio 1 --curriculum_scheduler 0_1_1
python main.py --batch_size 128 --epochs 1000 --arch resnet18 --data_name cifar10_1024_4class --train_mode curriculum --curriculum DBindex_cluster_GT --mass_candidate mass_candidate --train_data_drop_last --load_model --load_model_path random_initial_model1 --start_batch_num_ratio 1 --curriculum_scheduler 0_1_1 --pretrain_model_path normal_45305664_1_20220207212804_0.5_200_512_model
python main.py --batch_size 128 --epochs 1000 --arch resnet18 --data_name cifar10_1024_4class --train_mode normal --curriculum DBindex_cluster_GT --mass_candidate mass_candidate --train_data_drop_last --load_model --load_model_path random_initial_model1 --start_batch_num_ratio 0.5 --curriculum_scheduler 0_1_1 --my_data_loader
python main3.py --batch_size 128 --epochs 1000 --arch resnet18 --data_name cifar10_1024_4class --train_mode normal --curriculum DBindex_cluster_GT --mass_candidate mass_candidate --train_data_drop_last --load_model --load_model_path random_initial_model1 --start_batch_num_ratio 0.5 --curriculum_scheduler 0_1_1 --my_data_loader
python main2.py --batch_size 128 --epochs 1000 --arch resnet18 --data_name cifar10_1024_4class --train_mode normal --curriculum DBindex_high2low --mass_candidate mass_candidate --train_data_drop_last --load_model --load_model_path random_initial_model1 --start_batch_num_ratio 0.5 --curriculum_scheduler 0_1_1 --my_data_loader
python main2.py --batch_size 128 --epochs 1000 --arch resnet18 --data_name cifar10_1024_4class --train_mode curriculum --curriculum DBindex_high2low --mass_candidate mass_candidate --train_data_drop_last --load_model --load_model_path random_initial_model1 --start_batch_num_ratio 0.5 --curriculum_scheduler 0_1_1 --my_data_loader
python main2.py --batch_size 128 --epochs 1000 --arch resnet18 --data_name cifar10_1024_4class --train_mode curriculum --curriculum DBindex_high2low --mass_candidate mass_candidate --train_data_drop_last --load_model --load_model_path random_initial_model1 --start_batch_num_ratio 0.5 --curriculum_scheduler 0_1_1 --my_data_loader
python main2.py --batch_size 128 --epochs 1000 --arch resnet18 --data_name cifar10_1024_4class --train_mode curriculum --curriculum DBindex_high2low --mass_candidate mass_candidate --train_data_drop_last --load_model --load_model_path random_initial_model1 --start_batch_num_ratio 0.5 --curriculum_scheduler 0_1_1 --my_data_loader
python main2.py --batch_size 128 --epochs 1000 --arch resnet18 --data_name cifar10_1024_4class --train_mode curriculum --curriculum DBindex_high2low --mass_candidate mass_candidate --train_data_drop_last --load_model --load_model_path random_initial_model1 --start_batch_num_ratio 0.5 --curriculum_scheduler 0_1_1 --my_data_loader
python main2.py --batch_size 128 --epochs 1000 --arch resnet18 --data_name cifar10_1024_4class --train_mode curriculum --curriculum DBindex_high2low --mass_candidate mass_candidate --train_data_drop_last --load_model --load_model_path random_initial_model1 --start_batch_num_ratio 0.5 --curriculum_scheduler 0_1_1 --my_data_loader
python main2.py --batch_size 128 --epochs 1000 --arch resnet18 --data_name cifar10_1024_4class --train_mode curriculum --curriculum DBindex_high2low --mass_candidate mass_candidate --train_data_drop_last --load_model --load_model_path random_initial_model1 --start_batch_num_ratio 0.5 --curriculum_scheduler 0_1_1 --my_data_loader
python main.py --batch_size 128 --epochs 1000 --arch resnet18 --data_name cifar10_1024_4class --train_mode just_plot --curriculum DBindex_high2low --mass_candidate mass_candidate --train_data_drop_last --load_model --load_model_path normal_45652097_1_20220214233854_0.5_200_128_model --start_batch_num_ratio 0.5 --curriculum_scheduler 0_1_1 --my_data_loader
python main.py --batch_size 128 --epochs 1000 --arch resnet18 --data_name cifar10_1024_4class --train_mode just_plot --curriculum DBindex_high2low --mass_candidate mass_candidate --train_data_drop_last --load_model --load_model_path normal_45652097_1_20220214233854_0.5_200_128_model --start_batch_num_ratio 0.5 --curriculum_scheduler 0_1_1 --my_data_loader
python main.py --batch_size 128 --epochs 1000 --arch resnet18 --data_name cifar10_1024_4class --train_mode just_plot --curriculum DBindex_high2low --mass_candidate mass_candidate --train_data_drop_last --load_model --load_model_path normal_45652097_1_20220214233854_0.5_200_128_model --start_batch_num_ratio 0.5 --curriculum_scheduler 0_1_1 --my_data_loader
python main.py --batch_size 128 --epochs 1000 --arch resnet18 --data_name cifar10_1024_4class --train_mode just_plot --curriculum DBindex_high2low --mass_candidate mass_candidate --train_data_drop_last --load_model --load_model_path normal_45652097_1_20220214233854_0.5_200_128_model --start_batch_num_ratio 0.5 --curriculum_scheduler 0_1_1 --my_data_loader
python main.py --batch_size 128 --epochs 1000 --arch resnet18 --data_name cifar10_1024_4class --train_mode just_plot --curriculum DBindex_high2low --mass_candidate mass_candidate --train_data_drop_last --load_model --load_model_path normal_45652097_1_20220214233854_0.5_200_128_model --start_batch_num_ratio 0.5 --curriculum_scheduler 0_1_1 --my_data_loader
python main.py --batch_size 128 --epochs 1000 --arch resnet18 --data_name cifar10_1024_4class --train_mode just_plot --curriculum DBindex_high2low --mass_candidate mass_candidate --train_data_drop_last --load_model --load_model_path normal_45652097_1_20220214233854_0.5_200_128_model --start_batch_num_ratio 0.5 --curriculum_scheduler 0_1_1 --my_data_loader
python main.py --batch_size 128 --epochs 1000 --arch resnet18 --data_name cifar10_1024_4class --train_mode just_plot --curriculum DBindex_high2low --mass_candidate mass_candidate --train_data_drop_last --load_model --load_model_path normal_45652097_1_20220214233854_0.5_200_128_model --start_batch_num_ratio 0.5 --curriculum_scheduler 0_1_1 --my_data_loader
python main.py --batch_size 128 --epochs 1000 --arch resnet18 --data_name cifar10_1024_4class --train_mode just_plot --curriculum DBindex_high2low --mass_candidate mass_candidate --train_data_drop_last --load_model --load_model_path normal_45652097_1_20220214233854_0.5_200_128_model --start_batch_num_ratio 0.5 --curriculum_scheduler 0_1_1 --my_data_loader
python main.py --batch_size 128 --epochs 1000 --arch resnet18 --data_name cifar10_1024_4class --train_mode just_plot --curriculum DBindex_high2low --mass_candidate mass_candidate --train_data_drop_last --load_model --load_model_path normal_45652097_1_20220214233854_0.5_200_128_model --start_batch_num_ratio 0.5 --curriculum_scheduler 0_1_1 --my_data_loader
python main.py --batch_size 128 --epochs 2000 --arch resnet18 --data_name cifar10_1024_4class --train_mode curriculum --curriculum DBindex_cluster_GT --mass_candidate mass_candidate --train_data_drop_last --load_model --load_model_path random_initial_model1 --start_batch_num_ratio 0.5 --curriculum_scheduler 0_1_1 --my_data_loader
python main.py --batch_size 128 --epochs 2000 --arch resnet18 --data_name cifar10_1024_4class --train_mode curriculum --curriculum DBindex_cluster_GT --mass_candidate mass_candidate --train_data_drop_last --load_model --load_model_path random_initial_model1 --start_batch_num_ratio 0.5 --curriculum_scheduler 0_1_1 --my_data_loader --local 2 --no_save
python main.py --batch_size 128 --epochs 1167 --arch resnet18 --data_name cifar10_1024_4class --train_mode curriculum --curriculum no --mass_candidate mass_candidate --train_data_drop_last --load_model --load_model_path random_initial_model1 --start_batch_num_ratio 0.5 --curriculum_scheduler 0_1_1 --my_data_loader --local 2 --no_save
